2025-04-17 15:15:18,765 - INFO - ==================================================
2025-04-17 15:15:18,766 - INFO - 医学命名实体识别模型训练开始
2025-04-17 15:15:18,766 - INFO - ==================================================
2025-04-17 15:15:18,774 - INFO -    - 隐藏层大小: 256
2025-04-17 15:15:18,775 - INFO -    - LSTM层数: 4
2025-04-17 15:15:18,775 - INFO -    - 丢弃率: 0.1
2025-04-17 15:15:18,781 - INFO -    - 批次大小: 8
2025-04-17 15:15:18,781 - INFO -    - 训练轮数: 5
2025-04-17 15:15:18,781 - INFO -    - 学习率: 5e-05
2025-04-17 15:15:18,782 - INFO -    - 早停耐心值: 5
2025-04-17 15:15:18,782 - INFO -    - 每轮保存: 禁用
2025-04-17 15:15:18,782 - INFO -    - 模型剪枝: 禁用
2025-04-17 15:15:18,782 - INFO -    - 模型量化: 禁用
2025-04-17 15:15:18,783 - INFO - 模型特征签名: trueto_medbert_base_chinese_base_with_bilstm_augmented
2025-04-17 15:15:18,783 - INFO - 模型结果存储位置: results\trueto_medbert_base_chinese
2025-04-17 15:15:18,784 - INFO - 模型保存位置: checkpoints\trueto_medbert_base_chinese
2025-04-17 15:15:18,784 - INFO - ==================================================
2025-04-17 15:15:18,788 - WARNING - 尝试直接从Hugging Face加载模型...
2025-04-17 15:15:22,552 - INFO - 标签总数: 13
2025-04-17 15:15:22,552 - INFO - 标签列表: ['B-Anatomical', 'B-Diseases', 'B-Drug', 'B-Image', 'B-Laboratory', 'B-Operation', 'I-Anatomical', 'I-Diseases', 'I-Drug', 'I-Image', 'I-Laboratory', 'I-Operation', 'O']
2025-04-17 15:15:22,553 - INFO - 正在准备数据增强...
2025-04-17 15:15:22,574 - DEBUG - Building prefix dict from the default dictionary ...
2025-04-17 15:15:22,575 - DEBUG - Loading model from cache C:\Users\27162\AppData\Local\Temp\jieba.cache
2025-04-17 15:15:23,572 - DEBUG - Loading model cost 0.997 seconds.
2025-04-17 15:15:23,573 - DEBUG - Prefix dict has been built successfully.
2025-04-17 15:15:25,570 - INFO - 数据增强完成: 原始样本数 6837, 增强后样本数 11614
2025-04-17 15:16:19,055 - INFO - 模型参数: 总计 109.11M, 可训练 109.11M
2025-04-17 15:16:19,057 - INFO - 开始训练: 使用 trueto/medbert-base-chinese 模型, 不带注意力, 使用BiLSTM
