2025-04-13 16:57:53,942 - INFO - 标签总数: 13
2025-04-13 16:57:53,943 - INFO - 标签列表: ['B-Anatomical', 'B-Diseases', 'B-Drug', 'B-Image', 'B-Laboratory', 'B-Operation', 'I-Anatomical', 'I-Diseases', 'I-Drug', 'I-Image', 'I-Laboratory', 'I-Operation', 'O']
2025-04-13 16:57:54,281 - INFO - 使用标准BERT-CRF模型
2025-04-13 16:57:56,081 - INFO - 模型结构配置:
2025-04-13 16:57:56,098 - INFO -   - 隐藏层大小: 256
2025-04-13 16:57:56,098 - INFO -   - LSTM层数: 4
2025-04-13 16:57:56,099 - INFO -   - Dropout率: 0.1
2025-04-13 16:58:44,647 - INFO - Epoch: 1/20, Step: 100/855, Loss: 2.3582, LR: 2.92e-06
2025-04-13 16:59:32,396 - INFO - Epoch: 1/20, Step: 200/855, Loss: 1.4255, LR: 5.85e-06
2025-04-13 17:00:20,203 - INFO - Epoch: 1/20, Step: 300/855, Loss: 0.8574, LR: 8.77e-06
2025-04-13 17:01:07,489 - INFO - Epoch: 1/20, Step: 400/855, Loss: 1.1235, LR: 1.17e-05
2025-04-13 17:01:55,085 - INFO - Epoch: 1/20, Step: 500/855, Loss: 0.8200, LR: 1.46e-05
2025-04-13 17:02:42,761 - INFO - Epoch: 1/20, Step: 600/855, Loss: 0.8183, LR: 1.75e-05
2025-04-13 17:03:30,186 - INFO - Epoch: 1/20, Step: 700/855, Loss: 0.7631, LR: 2.05e-05
2025-04-13 17:04:17,770 - INFO - Epoch: 1/20, Step: 800/855, Loss: 0.8118, LR: 2.34e-05
2025-04-13 17:05:53,096 - INFO - Epoch: 2/20, Step: 100/855, Loss: 0.5586, LR: 2.79e-05
2025-04-13 17:06:40,999 - INFO - Epoch: 2/20, Step: 200/855, Loss: 0.6334, LR: 3.08e-05
2025-04-13 17:07:29,017 - INFO - Epoch: 2/20, Step: 300/855, Loss: 0.4035, LR: 3.38e-05
2025-04-13 17:08:17,280 - INFO - Epoch: 2/20, Step: 400/855, Loss: 0.4666, LR: 3.67e-05
2025-04-13 17:09:05,303 - INFO - Epoch: 2/20, Step: 500/855, Loss: 0.5063, LR: 3.96e-05
2025-04-13 17:09:53,549 - INFO - Epoch: 2/20, Step: 600/855, Loss: 0.4725, LR: 4.25e-05
2025-04-13 17:10:41,962 - INFO - Epoch: 2/20, Step: 700/855, Loss: 0.4357, LR: 4.55e-05
2025-04-13 17:11:30,176 - INFO - Epoch: 2/20, Step: 800/855, Loss: 0.4874, LR: 4.84e-05
2025-04-13 17:13:05,535 - INFO - Epoch: 3/20, Step: 100/855, Loss: 0.4993, LR: 4.97e-05
2025-04-13 17:13:53,812 - INFO - Epoch: 3/20, Step: 200/855, Loss: 0.3488, LR: 4.94e-05
2025-04-13 17:14:41,693 - INFO - Epoch: 3/20, Step: 300/855, Loss: 0.4815, LR: 4.90e-05
2025-04-13 17:15:29,650 - INFO - Epoch: 3/20, Step: 400/855, Loss: 0.3592, LR: 4.87e-05
2025-04-13 17:16:17,956 - INFO - Epoch: 3/20, Step: 500/855, Loss: 0.3896, LR: 4.84e-05
2025-04-13 17:17:06,199 - INFO - Epoch: 3/20, Step: 600/855, Loss: 0.3733, LR: 4.81e-05
2025-04-13 17:17:54,797 - INFO - Epoch: 3/20, Step: 700/855, Loss: 0.3980, LR: 4.77e-05
2025-04-13 17:18:43,746 - INFO - Epoch: 3/20, Step: 800/855, Loss: 0.3651, LR: 4.74e-05
2025-04-13 17:20:20,855 - INFO - Epoch: 4/20, Step: 100/855, Loss: 0.4739, LR: 4.69e-05
2025-04-13 17:21:09,580 - INFO - Epoch: 4/20, Step: 200/855, Loss: 0.3649, LR: 4.66e-05
2025-04-13 17:21:58,184 - INFO - Epoch: 4/20, Step: 300/855, Loss: 0.3243, LR: 4.62e-05
2025-04-13 17:22:46,597 - INFO - Epoch: 4/20, Step: 400/855, Loss: 0.4122, LR: 4.59e-05
2025-04-13 17:23:35,277 - INFO - Epoch: 4/20, Step: 500/855, Loss: 0.3308, LR: 4.56e-05
2025-04-13 17:24:23,687 - INFO - Epoch: 4/20, Step: 600/855, Loss: 0.3277, LR: 4.53e-05
2025-04-13 17:25:11,563 - INFO - Epoch: 4/20, Step: 700/855, Loss: 0.3264, LR: 4.49e-05
2025-04-13 17:25:59,591 - INFO - Epoch: 4/20, Step: 800/855, Loss: 0.6146, LR: 4.46e-05
2025-04-13 17:27:34,361 - INFO - Epoch: 5/20, Step: 100/855, Loss: 0.5112, LR: 4.41e-05
2025-04-13 17:28:22,160 - INFO - Epoch: 5/20, Step: 200/855, Loss: 0.3448, LR: 4.38e-05
2025-04-13 17:29:09,918 - INFO - Epoch: 5/20, Step: 300/855, Loss: 0.3188, LR: 4.35e-05
2025-04-13 17:29:57,665 - INFO - Epoch: 5/20, Step: 400/855, Loss: 0.3365, LR: 4.31e-05
2025-04-13 17:30:45,452 - INFO - Epoch: 5/20, Step: 500/855, Loss: 0.3065, LR: 4.28e-05
2025-04-13 17:31:33,238 - INFO - Epoch: 5/20, Step: 600/855, Loss: 0.5473, LR: 4.25e-05
2025-04-13 17:32:21,131 - INFO - Epoch: 5/20, Step: 700/855, Loss: 0.4071, LR: 4.22e-05
2025-04-13 17:33:09,222 - INFO - Epoch: 5/20, Step: 800/855, Loss: 0.3201, LR: 4.18e-05
2025-04-13 17:34:44,231 - INFO - Epoch: 6/20, Step: 100/855, Loss: 0.3094, LR: 4.13e-05
2025-04-13 17:35:32,203 - INFO - Epoch: 6/20, Step: 200/855, Loss: 0.3241, LR: 4.10e-05
2025-04-13 17:36:22,353 - INFO - Epoch: 6/20, Step: 300/855, Loss: 0.3294, LR: 4.07e-05
2025-04-13 17:37:11,345 - INFO - Epoch: 6/20, Step: 400/855, Loss: 0.3248, LR: 4.04e-05
2025-04-13 17:37:59,868 - INFO - Epoch: 6/20, Step: 500/855, Loss: 0.3656, LR: 4.00e-05
2025-04-13 17:38:48,629 - INFO - Epoch: 6/20, Step: 600/855, Loss: 0.3496, LR: 3.97e-05
2025-04-13 17:39:36,965 - INFO - Epoch: 6/20, Step: 700/855, Loss: 0.3225, LR: 3.94e-05
2025-04-13 17:40:25,051 - INFO - Epoch: 6/20, Step: 800/855, Loss: 0.3393, LR: 3.91e-05
2025-04-13 17:42:00,688 - INFO - Epoch: 7/20, Step: 100/855, Loss: 0.3099, LR: 3.86e-05
2025-04-13 17:42:49,330 - INFO - Epoch: 7/20, Step: 200/855, Loss: 0.3365, LR: 3.82e-05
2025-04-13 17:43:37,446 - INFO - Epoch: 7/20, Step: 300/855, Loss: 0.3160, LR: 3.79e-05
2025-04-13 17:44:26,582 - INFO - Epoch: 7/20, Step: 400/855, Loss: 0.3075, LR: 3.76e-05
2025-04-13 17:45:15,913 - INFO - Epoch: 7/20, Step: 500/855, Loss: 0.3313, LR: 3.73e-05
2025-04-13 17:46:04,965 - INFO - Epoch: 7/20, Step: 600/855, Loss: 0.3667, LR: 3.69e-05
2025-04-13 17:46:53,335 - INFO - Epoch: 7/20, Step: 700/855, Loss: 0.3270, LR: 3.66e-05
2025-04-13 17:47:41,914 - INFO - Epoch: 7/20, Step: 800/855, Loss: 0.3283, LR: 3.63e-05
2025-04-13 17:49:18,809 - INFO - Epoch: 8/20, Step: 100/855, Loss: 0.3825, LR: 3.58e-05
2025-04-13 17:50:07,252 - INFO - Epoch: 8/20, Step: 200/855, Loss: 0.3051, LR: 3.55e-05
2025-04-13 17:50:55,880 - INFO - Epoch: 8/20, Step: 300/855, Loss: 0.3604, LR: 3.51e-05
2025-04-13 17:51:44,671 - INFO - Epoch: 8/20, Step: 400/855, Loss: 0.3154, LR: 3.48e-05
2025-04-13 17:52:33,935 - INFO - Epoch: 8/20, Step: 500/855, Loss: 0.4101, LR: 3.45e-05
2025-04-13 17:53:22,804 - INFO - Epoch: 8/20, Step: 600/855, Loss: 0.4033, LR: 3.42e-05
2025-04-13 17:54:11,414 - INFO - Epoch: 8/20, Step: 700/855, Loss: 0.3139, LR: 3.38e-05
2025-04-13 17:55:01,943 - INFO - Epoch: 8/20, Step: 800/855, Loss: 0.3168, LR: 3.35e-05
2025-04-13 17:56:41,729 - INFO - Epoch: 9/20, Step: 100/855, Loss: 0.3352, LR: 3.30e-05
2025-04-13 17:57:31,143 - INFO - Epoch: 9/20, Step: 200/855, Loss: 0.3056, LR: 3.27e-05
2025-04-13 17:58:19,952 - INFO - Epoch: 9/20, Step: 300/855, Loss: 0.3182, LR: 3.24e-05
2025-04-13 17:59:08,598 - INFO - Epoch: 9/20, Step: 400/855, Loss: 0.3434, LR: 3.20e-05
2025-04-13 17:59:57,228 - INFO - Epoch: 9/20, Step: 500/855, Loss: 0.3673, LR: 3.17e-05
2025-04-13 18:00:45,260 - INFO - Epoch: 9/20, Step: 600/855, Loss: 0.3199, LR: 3.14e-05
2025-04-13 18:01:35,016 - INFO - Epoch: 9/20, Step: 700/855, Loss: 0.3127, LR: 3.11e-05
2025-04-13 18:02:23,330 - INFO - Epoch: 9/20, Step: 800/855, Loss: 0.3343, LR: 3.07e-05
2025-04-13 18:03:57,168 - INFO - Epoch: 10/20, Step: 100/855, Loss: 0.3059, LR: 3.02e-05
2025-04-13 18:04:45,470 - INFO - Epoch: 10/20, Step: 200/855, Loss: 0.3047, LR: 2.99e-05
2025-04-13 18:05:33,379 - INFO - Epoch: 10/20, Step: 300/855, Loss: 0.3221, LR: 2.96e-05
2025-04-13 18:06:21,147 - INFO - Epoch: 10/20, Step: 400/855, Loss: 0.3373, LR: 2.93e-05
2025-04-13 18:07:08,867 - INFO - Epoch: 10/20, Step: 500/855, Loss: 0.3750, LR: 2.89e-05
2025-04-13 18:07:56,784 - INFO - Epoch: 10/20, Step: 600/855, Loss: 0.3172, LR: 2.86e-05
2025-04-13 18:08:44,560 - INFO - Epoch: 10/20, Step: 700/855, Loss: 0.3108, LR: 2.83e-05
2025-04-13 18:09:32,482 - INFO - Epoch: 10/20, Step: 800/855, Loss: 0.3339, LR: 2.80e-05
2025-04-13 18:11:05,442 - INFO - Epoch: 11/20, Step: 100/855, Loss: 0.5212, LR: 2.75e-05
2025-04-13 18:11:53,314 - INFO - Epoch: 11/20, Step: 200/855, Loss: 0.3838, LR: 2.71e-05
2025-04-13 18:12:41,253 - INFO - Epoch: 11/20, Step: 300/855, Loss: 0.3096, LR: 2.68e-05
2025-04-13 18:13:28,950 - INFO - Epoch: 11/20, Step: 400/855, Loss: 0.3239, LR: 2.65e-05
2025-04-13 18:14:16,743 - INFO - Epoch: 11/20, Step: 500/855, Loss: 0.3160, LR: 2.62e-05
2025-04-13 18:15:04,447 - INFO - Epoch: 11/20, Step: 600/855, Loss: 0.3049, LR: 2.58e-05
2025-04-13 18:15:52,311 - INFO - Epoch: 11/20, Step: 700/855, Loss: 0.3555, LR: 2.55e-05
2025-04-13 18:16:40,024 - INFO - Epoch: 11/20, Step: 800/855, Loss: 0.3132, LR: 2.52e-05
2025-04-13 18:18:13,263 - INFO - Epoch: 12/20, Step: 100/855, Loss: 0.3261, LR: 2.47e-05
2025-04-13 18:19:01,055 - INFO - Epoch: 12/20, Step: 200/855, Loss: 0.3086, LR: 2.44e-05
2025-04-13 18:19:48,867 - INFO - Epoch: 12/20, Step: 300/855, Loss: 0.3039, LR: 2.40e-05
2025-04-13 18:20:36,697 - INFO - Epoch: 12/20, Step: 400/855, Loss: 0.3123, LR: 2.37e-05
2025-04-13 18:21:24,350 - INFO - Epoch: 12/20, Step: 500/855, Loss: 0.3293, LR: 2.34e-05
2025-04-13 18:22:12,138 - INFO - Epoch: 12/20, Step: 600/855, Loss: 0.3050, LR: 2.31e-05
2025-04-13 18:22:59,894 - INFO - Epoch: 12/20, Step: 700/855, Loss: 0.3047, LR: 2.27e-05
2025-04-13 18:23:47,783 - INFO - Epoch: 12/20, Step: 800/855, Loss: 0.3037, LR: 2.24e-05
2025-04-13 18:25:22,489 - INFO - Epoch: 13/20, Step: 100/855, Loss: 0.3170, LR: 2.19e-05
2025-04-13 18:26:10,120 - INFO - Epoch: 13/20, Step: 200/855, Loss: 0.3753, LR: 2.16e-05
2025-04-13 18:26:57,947 - INFO - Epoch: 13/20, Step: 300/855, Loss: 0.3031, LR: 2.12e-05
2025-04-13 18:27:45,675 - INFO - Epoch: 13/20, Step: 400/855, Loss: 0.3062, LR: 2.09e-05
2025-04-13 18:28:33,549 - INFO - Epoch: 13/20, Step: 500/855, Loss: 0.3432, LR: 2.06e-05
2025-04-13 18:29:21,220 - INFO - Epoch: 13/20, Step: 600/855, Loss: 0.3117, LR: 2.03e-05
2025-04-13 18:30:09,003 - INFO - Epoch: 13/20, Step: 700/855, Loss: 0.3029, LR: 1.99e-05
2025-04-13 18:30:56,866 - INFO - Epoch: 13/20, Step: 800/855, Loss: 0.3191, LR: 1.96e-05
2025-04-13 18:32:31,698 - INFO - Epoch: 14/20, Step: 100/855, Loss: 0.3550, LR: 1.91e-05
2025-04-13 18:33:19,471 - INFO - Epoch: 14/20, Step: 200/855, Loss: 0.3310, LR: 1.88e-05
2025-04-13 18:34:07,228 - INFO - Epoch: 14/20, Step: 300/855, Loss: 0.3043, LR: 1.85e-05
2025-04-13 18:34:55,071 - INFO - Epoch: 14/20, Step: 400/855, Loss: 0.3092, LR: 1.81e-05
2025-04-13 18:35:42,694 - INFO - Epoch: 14/20, Step: 500/855, Loss: 0.3148, LR: 1.78e-05
2025-04-13 18:36:30,462 - INFO - Epoch: 14/20, Step: 600/855, Loss: 0.3652, LR: 1.75e-05
2025-04-13 18:37:18,093 - INFO - Epoch: 14/20, Step: 700/855, Loss: 0.3036, LR: 1.72e-05
2025-04-13 18:38:05,781 - INFO - Epoch: 14/20, Step: 800/855, Loss: 0.3045, LR: 1.68e-05
2025-04-13 18:39:38,914 - INFO - Epoch: 15/20, Step: 100/855, Loss: 0.3120, LR: 1.63e-05
2025-04-13 18:40:26,585 - INFO - Epoch: 15/20, Step: 200/855, Loss: 0.3059, LR: 1.60e-05
2025-04-13 18:41:14,229 - INFO - Epoch: 15/20, Step: 300/855, Loss: 0.3262, LR: 1.57e-05
2025-04-13 18:42:01,803 - INFO - Epoch: 15/20, Step: 400/855, Loss: 0.3026, LR: 1.54e-05
2025-04-13 18:42:49,558 - INFO - Epoch: 15/20, Step: 500/855, Loss: 0.3057, LR: 1.50e-05
2025-04-13 18:43:37,227 - INFO - Epoch: 15/20, Step: 600/855, Loss: 0.3058, LR: 1.47e-05
2025-04-13 18:44:24,984 - INFO - Epoch: 15/20, Step: 700/855, Loss: 0.3038, LR: 1.44e-05
2025-04-13 18:45:12,725 - INFO - Epoch: 15/20, Step: 800/855, Loss: 0.3045, LR: 1.41e-05
2025-04-13 18:46:45,964 - INFO - Epoch: 16/20, Step: 100/855, Loss: 0.3031, LR: 1.36e-05
2025-04-13 18:47:33,668 - INFO - Epoch: 16/20, Step: 200/855, Loss: 0.3031, LR: 1.32e-05
2025-04-13 18:48:21,408 - INFO - Epoch: 16/20, Step: 300/855, Loss: 0.3043, LR: 1.29e-05
2025-04-13 18:49:09,264 - INFO - Epoch: 16/20, Step: 400/855, Loss: 0.3313, LR: 1.26e-05
2025-04-13 18:49:56,996 - INFO - Epoch: 16/20, Step: 500/855, Loss: 0.3079, LR: 1.23e-05
2025-04-13 18:50:44,873 - INFO - Epoch: 16/20, Step: 600/855, Loss: 0.3038, LR: 1.19e-05
2025-04-13 18:51:32,570 - INFO - Epoch: 16/20, Step: 700/855, Loss: 0.3086, LR: 1.16e-05
2025-04-13 18:52:20,437 - INFO - Epoch: 16/20, Step: 800/855, Loss: 0.3151, LR: 1.13e-05
2025-04-13 18:53:53,616 - INFO - Epoch: 17/20, Step: 100/855, Loss: 0.3070, LR: 1.08e-05
2025-04-13 18:54:41,334 - INFO - Epoch: 17/20, Step: 200/855, Loss: 0.3035, LR: 1.05e-05
2025-04-13 18:55:29,060 - INFO - Epoch: 17/20, Step: 300/855, Loss: 0.3028, LR: 1.01e-05
2025-04-13 18:56:16,659 - INFO - Epoch: 17/20, Step: 400/855, Loss: 0.3033, LR: 9.81e-06
2025-04-13 18:57:04,479 - INFO - Epoch: 17/20, Step: 500/855, Loss: 0.3038, LR: 9.49e-06
2025-04-13 18:57:52,112 - INFO - Epoch: 17/20, Step: 600/855, Loss: 0.3028, LR: 9.16e-06
2025-04-13 18:58:39,905 - INFO - Epoch: 17/20, Step: 700/855, Loss: 0.3070, LR: 8.84e-06
2025-04-13 18:59:27,709 - INFO - Epoch: 17/20, Step: 800/855, Loss: 0.3513, LR: 8.51e-06
2025-04-13 19:01:01,103 - INFO - Epoch: 18/20, Step: 100/855, Loss: 0.3040, LR: 8.01e-06
2025-04-13 19:01:48,877 - INFO - Epoch: 18/20, Step: 200/855, Loss: 0.3033, LR: 7.68e-06
2025-04-13 19:02:36,665 - INFO - Epoch: 18/20, Step: 300/855, Loss: 0.3036, LR: 7.36e-06
2025-04-13 19:03:24,487 - INFO - Epoch: 18/20, Step: 400/855, Loss: 0.3028, LR: 7.03e-06
2025-04-13 19:04:12,357 - INFO - Epoch: 18/20, Step: 500/855, Loss: 0.3031, LR: 6.71e-06
2025-04-13 19:05:00,242 - INFO - Epoch: 18/20, Step: 600/855, Loss: 0.3077, LR: 6.38e-06
2025-04-13 19:05:47,943 - INFO - Epoch: 18/20, Step: 700/855, Loss: 0.3031, LR: 6.06e-06
2025-04-13 19:06:35,740 - INFO - Epoch: 18/20, Step: 800/855, Loss: 0.3027, LR: 5.73e-06
